<?xml version="1.0" encoding="UTF-8"?>
<!-- Generated by org.testng.reporters.JUnitReportReporter -->
<testsuite hostname="LAPTOP-NPEQ6NRP" failures="0" tests="2" name="packageofamazonproject.Amazon_Project_Gtm.Testcase10_Login_Search_Cart_Updateqty" time="84.180" errors="0" timestamp="2025-02-13T21:17:04 IST" skipped="1">
  <testcase classname="packageofamazonproject.Amazon_Project_Gtm.Testcase10_Login_Search_Cart_Updateqty" name="addtocart_updateqty_removeitems" time="68.412"/>
  <system-out>
    <![CDATA[Testcase is passed]]>
  </system-out>
  <testcase classname="packageofamazonproject.Amazon_Project_Gtm.Testcase10_Login_Search_Cart_Updateqty" name="addtocart_updateqty_removeitems" time="15.768">
    <skipped/>
  </testcase> <!-- addtocart_updateqty_removeitems -->
  <system-out/>
</testsuite> <!-- packageofamazonproject.Amazon_Project_Gtm.Testcase10_Login_Search_Cart_Updateqty -->
