<?xml version="1.0" encoding="UTF-8"?>
<!-- Generated by org.testng.reporters.JUnitReportReporter -->
<testsuite hostname="LAPTOP-NPEQ6NRP" failures="0" tests="1" name="packageofamazonproject.Amazon_Project_Gtm.Testcase6_SearchandApplyFilters" time="41.714" errors="0" timestamp="2025-02-14T00:07:31 IST" skipped="0">
  <testcase classname="packageofamazonproject.Amazon_Project_Gtm.Testcase6_SearchandApplyFilters" name="login_search_filters" time="41.714"/>
  <system-out>
    <![CDATA[Testcase is passed]]>
  </system-out>
</testsuite> <!-- packageofamazonproject.Amazon_Project_Gtm.Testcase6_SearchandApplyFilters -->
