<?xml version="1.0" encoding="UTF-8"?>
<!-- Generated by org.testng.reporters.JUnitReportReporter -->
<testsuite hostname="LAPTOP-NPEQ6NRP" failures="0" tests="1" name="packageofamazonproject.Amazon_Project_Gtm.Testcase4_EditProfiles" time="30.157" errors="0" timestamp="2025-05-19T15:18:18 IST" skipped="0">
  <testcase classname="packageofamazonproject.Amazon_Project_Gtm.Testcase4_EditProfiles" name="manage_profiles" time="30.157"/>
</testsuite> <!-- packageofamazonproject.Amazon_Project_Gtm.Testcase4_EditProfiles -->
