<?xml version="1.0" encoding="UTF-8"?>
<!-- Generated by org.testng.reporters.JUnitReportReporter -->
<testsuite hostname="LAPTOP-NPEQ6NRP" failures="0" tests="1" name="packageofamazonproject.Amazon_Project_Gtm.Testcase5_SearchProduct" time="31.369" errors="0" timestamp="2025-05-19T15:20:16 IST" skipped="0">
  <testcase classname="packageofamazonproject.Amazon_Project_Gtm.Testcase5_SearchProduct" name="login_searchproduct" time="31.369"/>
</testsuite> <!-- packageofamazonproject.Amazon_Project_Gtm.Testcase5_SearchProduct -->
