<?xml version="1.0" encoding="UTF-8"?>
<!-- Generated by org.testng.reporters.JUnitReportReporter -->
<testsuite hostname="LAPTOP-NPEQ6NRP" failures="0" tests="1" name="packageofamazonproject.Amazon_Project_Gtm.Testcase8_Login_Search_Productsorting" time="27.535" errors="0" timestamp="2025-02-13T23:43:06 IST" skipped="0">
  <testcase classname="packageofamazonproject.Amazon_Project_Gtm.Testcase8_Login_Search_Productsorting" name="login_search_modifyvalue_sorting" time="27.535"/>
  <system-out>
    <![CDATA[Testcase is passed]]>
  </system-out>
</testsuite> <!-- packageofamazonproject.Amazon_Project_Gtm.Testcase8_Login_Search_Productsorting -->
