<?xml version="1.0" encoding="UTF-8"?>
<!-- Generated by org.testng.reporters.JUnitReportReporter -->
<testsuite hostname="LAPTOP-NPEQ6NRP" failures="0" tests="1" name="packageofamazonproject.Amazon_Project_Gtm.Testcase4_ManageWithEdit_Profile" time="50.065" errors="0" timestamp="2025-05-19T20:26:51 IST" skipped="0">
  <testcase classname="packageofamazonproject.Amazon_Project_Gtm.Testcase4_ManageWithEdit_Profile" name="manage_profiles" time="50.065"/>
</testsuite> <!-- packageofamazonproject.Amazon_Project_Gtm.Testcase4_ManageWithEdit_Profile -->
