<?xml version="1.0" encoding="UTF-8"?>
<!-- Generated by org.testng.reporters.JUnitReportReporter -->
<testsuite hostname="LAPTOP-NPEQ6NRP" failures="0" tests="1" name="packageofamazonproject.Amazon_Project_Gtm.Testcase10" time="40.268" errors="0" timestamp="2025-02-12T15:07:09 IST" skipped="0">
  <testcase classname="packageofamazonproject.Amazon_Project_Gtm.Testcase10" name="addtocart" time="40.268"/>
  <system-out/>
</testsuite> <!-- packageofamazonproject.Amazon_Project_Gtm.Testcase10 -->
