<?xml version="1.0" encoding="UTF-8"?>
<!-- Generated by org.testng.reporters.JUnitReportReporter -->
<testsuite hostname="LAPTOP-NPEQ6NRP" failures="0" tests="1" name="packageofamazonproject.Amazon_Project_Gtm.Testcase4_ManageWithEdit_Profile" time="41.535" errors="0" timestamp="2025-02-14T19:32:35 IST" skipped="0">
  <testcase classname="packageofamazonproject.Amazon_Project_Gtm.Testcase4_ManageWithEdit_Profile" name="manage_profiles" time="41.535"/>
  <system-out/>
</testsuite> <!-- packageofamazonproject.Amazon_Project_Gtm.Testcase4_ManageWithEdit_Profile -->
