<?xml version="1.0" encoding="UTF-8"?>
<!-- Generated by org.testng.reporters.JUnitReportReporter -->
<testsuite hostname="LAPTOP-NPEQ6NRP" failures="0" tests="1" name="packageofamazonproject.Amazon_Project_Gtm.Testcase10_Login_Search_Cart_Updateqty" time="46.893" errors="0" timestamp="2025-05-19T16:07:54 IST" skipped="0">
  <testcase classname="packageofamazonproject.Amazon_Project_Gtm.Testcase10_Login_Search_Cart_Updateqty" name="addtocart_updateqty_removeitems" time="46.893"/>
</testsuite> <!-- packageofamazonproject.Amazon_Project_Gtm.Testcase10_Login_Search_Cart_Updateqty -->
