<?xml version="1.0" encoding="UTF-8"?>
<!-- Generated by org.testng.reporters.JUnitReportReporter -->
<testsuite hostname="LAPTOP-NPEQ6NRP" failures="0" tests="1" name="packageofamazonproject.Amazon_Project_Gtm.Testcase3_LoginWithInValidCred" time="23.274" errors="0" timestamp="2025-05-19T19:56:51 IST" skipped="0">
  <testcase classname="packageofamazonproject.Amazon_Project_Gtm.Testcase3_LoginWithInValidCred" name="login_invalidcredentials" time="23.274"/>
</testsuite> <!-- packageofamazonproject.Amazon_Project_Gtm.Testcase3_LoginWithInValidCred -->
