<?xml version="1.0" encoding="UTF-8"?>
<!-- Generated by org.testng.reporters.JUnitReportReporter -->
<testsuite hostname="LAPTOP-NPEQ6NRP" failures="0" tests="1" name="packageofamazonproject.Amazon_Project_Gtm.Test12" time="49.599" errors="0" timestamp="2025-02-12T15:31:50 IST" skipped="0">
  <testcase classname="packageofamazonproject.Amazon_Project_Gtm.Test12" name="Checkout_PaymentMethod_Selection" time="49.599"/>
  <system-out/>
</testsuite> <!-- packageofamazonproject.Amazon_Project_Gtm.Test12 -->
