<?xml version="1.0" encoding="UTF-8"?>
<!-- Generated by org.testng.reporters.JUnitReportReporter -->
<testsuite hostname="LAPTOP-NPEQ6NRP" failures="0" tests="3" name="packageofamazonproject.Amazon_Project_Gtm.Testcase1_NewCustomerRegistration" time="49.729" errors="0" timestamp="2025-02-15T15:59:23 IST" skipped="2">
  <testcase classname="packageofamazonproject.Amazon_Project_Gtm.Testcase1_NewCustomerRegistration" name="newcustomer_registration" time="23.288">
    <skipped/>
  </testcase> <!-- newcustomer_registration -->
  <system-out/>
  <testcase classname="packageofamazonproject.Amazon_Project_Gtm.Testcase1_NewCustomerRegistration" name="newcustomer_registration" time="13.012">
    <skipped/>
  </testcase> <!-- newcustomer_registration -->
  <system-out/>
  <testcase classname="packageofamazonproject.Amazon_Project_Gtm.Testcase1_NewCustomerRegistration" name="newcustomer_registration" time="13.429"/>
  <system-out>
    <![CDATA[Testcase is passed]]>
  </system-out>
</testsuite> <!-- packageofamazonproject.Amazon_Project_Gtm.Testcase1_NewCustomerRegistration -->
