<?xml version="1.0" encoding="UTF-8"?>
<!-- Generated by org.testng.reporters.JUnitReportReporter -->
<testsuite hostname="LAPTOP-NPEQ6NRP" failures="0" tests="2" name="packageofamazonproject.Amazon_Project_Gtm.Testcase12_SelectEachPaymentMethod" time="60.702" errors="0" timestamp="2025-05-19T18:17:54 IST" skipped="1">
  <testcase classname="packageofamazonproject.Amazon_Project_Gtm.Testcase12_SelectEachPaymentMethod" name="paymentMethod_Selection" time="49.718"/>
  <testcase classname="packageofamazonproject.Amazon_Project_Gtm.Testcase12_SelectEachPaymentMethod" name="paymentMethod_Selection" time="10.984">
    <skipped/>
  </testcase> <!-- paymentMethod_Selection -->
</testsuite> <!-- packageofamazonproject.Amazon_Project_Gtm.Testcase12_SelectEachPaymentMethod -->
