<?xml version="1.0" encoding="UTF-8"?>
<!-- Generated by org.testng.reporters.JUnitReportReporter -->
<testsuite hostname="LAPTOP-NPEQ6NRP" failures="0" tests="1" name="packageofamazonproject.Amazon_Project_Gtm.Testcase4" time="39.142" errors="0" timestamp="2025-02-13T12:15:34 IST" skipped="0">
  <testcase classname="packageofamazonproject.Amazon_Project_Gtm.Testcase4" name="manage_profiles" time="39.142"/>
  <system-out/>
</testsuite> <!-- packageofamazonproject.Amazon_Project_Gtm.Testcase4 -->
