<?xml version="1.0" encoding="UTF-8"?>
<!-- Generated by org.testng.reporters.JUnitReportReporter -->
<testsuite hostname="LAPTOP-NPEQ6NRP" failures="0" tests="1" name="packageofamazonproject.Amazon_Project_Gtm.Testcase1_NewCustomerRegistration" time="13.732" errors="0" timestamp="2025-02-13T11:13:09 IST" skipped="0">
  <testcase classname="packageofamazonproject.Amazon_Project_Gtm.Testcase1_NewCustomerRegistration" name="newcustomer_registration" time="13.732"/>
  <system-out>
    <![CDATA[Testcase is passed]]>
  </system-out>
</testsuite> <!-- packageofamazonproject.Amazon_Project_Gtm.Testcase1_NewCustomerRegistration -->
