<?xml version="1.0" encoding="UTF-8"?>
<!-- Generated by org.testng.reporters.JUnitReportReporter -->
<testsuite hostname="LAPTOP-NPEQ6NRP" failures="0" tests="1" name="packageofamazonproject.Amazon_Project_Gtm.Testcase15_Search_Addtocart_Checkout_Withoutlogin" time="28.695" errors="0" timestamp="2025-02-12T19:20:56 IST" skipped="0">
  <testcase classname="packageofamazonproject.Amazon_Project_Gtm.Testcase15_Search_Addtocart_Checkout_Withoutlogin" name="amazonprocess_withoutlogin" time="28.695"/>
  <system-out>
    <![CDATA[Testcase is passed]]>
  </system-out>
</testsuite> <!-- packageofamazonproject.Amazon_Project_Gtm.Testcase15_Search_Addtocart_Checkout_Withoutlogin -->
