<?xml version="1.0" encoding="UTF-8"?>
<!-- Generated by org.testng.reporters.JUnitReportReporter -->
<testsuite hostname="LAPTOP-NPEQ6NRP" failures="0" tests="1" name="packageofamazonproject.Amazon_Project_Gtm.Testcase13_Checkout_Couponapply" time="41.388" errors="0" timestamp="2025-05-19T18:19:58 IST" skipped="0">
  <testcase classname="packageofamazonproject.Amazon_Project_Gtm.Testcase13_Checkout_Couponapply" name="coupon_codeapply" time="41.388"/>
</testsuite> <!-- packageofamazonproject.Amazon_Project_Gtm.Testcase13_Checkout_Couponapply -->
