<?xml version="1.0" encoding="UTF-8"?>
<!-- Generated by org.testng.reporters.JUnitReportReporter -->
<testsuite hostname="LAPTOP-NPEQ6NRP" failures="0" tests="1" name="packageofamazonproject.Amazon_Project_Gtm.Testcase8_Login_Search_Productsorting" time="27.650" errors="0" timestamp="2025-05-19T16:05:05 IST" skipped="0">
  <testcase classname="packageofamazonproject.Amazon_Project_Gtm.Testcase8_Login_Search_Productsorting" name="login_search_modifyvalue_sorting" time="27.650"/>
</testsuite> <!-- packageofamazonproject.Amazon_Project_Gtm.Testcase8_Login_Search_Productsorting -->
