<?xml version="1.0" encoding="UTF-8"?>
<!-- Generated by org.testng.reporters.JUnitReportReporter -->
<testsuite hostname="LAPTOP-NPEQ6NRP" failures="0" tests="3" name="packageofamazonproject.Amazon_Project_Gtm.Testcase12_SelectEachPaymentMethod" time="72.767" errors="0" timestamp="2025-02-14T19:52:49 IST" skipped="2">
  <testcase classname="packageofamazonproject.Amazon_Project_Gtm.Testcase12_SelectEachPaymentMethod" name="paymentMethod_Selection" time="46.664">
    <system-out>
      <![CDATA[Testcase is passed]]>
    </system-out>
  </testcase> <!-- paymentMethod_Selection -->
  <testcase classname="packageofamazonproject.Amazon_Project_Gtm.Testcase12_SelectEachPaymentMethod" name="paymentMethod_Selection" time="13.723">
    <skipped/>
  </testcase> <!-- paymentMethod_Selection -->
  <testcase classname="packageofamazonproject.Amazon_Project_Gtm.Testcase12_SelectEachPaymentMethod" name="paymentMethod_Selection" time="12.380">
    <skipped/>
  </testcase> <!-- paymentMethod_Selection -->
  <system-out>
    <![CDATA[Testcase is passed
Testcase is passed
Testcase is passed
Testcase is passed
Testcase is passed
Testcase is passed
Testcase is passed
Testcase is passed
Testcase is passed
Testcase is passed
Testcase is passed
Testcase is passed
Testcase is passed
Testcase is passed]]>
  </system-out>
</testsuite> <!-- packageofamazonproject.Amazon_Project_Gtm.Testcase12_SelectEachPaymentMethod -->
