<?xml version="1.0" encoding="UTF-8"?>
<!-- Generated by org.testng.reporters.JUnitReportReporter -->
<testsuite hostname="LAPTOP-NPEQ6NRP" failures="0" tests="1" name="packageofamazonproject.Amazon_Project_Gtm.Testcase12_SelectEachPaymentMethod" time="42.943" errors="0" timestamp="2025-05-20T12:58:26 IST" skipped="0">
  <testcase classname="packageofamazonproject.Amazon_Project_Gtm.Testcase12_SelectEachPaymentMethod" name="paymentMethod_Selection" time="42.943"/>
</testsuite> <!-- packageofamazonproject.Amazon_Project_Gtm.Testcase12_SelectEachPaymentMethod -->
