<?xml version="1.0" encoding="UTF-8"?>
<!-- Generated by org.testng.reporters.JUnitReportReporter -->
<testsuite hostname="LAPTOP-NPEQ6NRP" failures="0" tests="1" name="packageofamazonproject.Amazon_Project_Gtm.Testcase5_SearchProduct" time="24.801" errors="0" timestamp="2025-05-20T12:58:26 IST" skipped="0">
  <testcase classname="packageofamazonproject.Amazon_Project_Gtm.Testcase5_SearchProduct" name="login_searchproduct" time="24.801"/>
</testsuite> <!-- packageofamazonproject.Amazon_Project_Gtm.Testcase5_SearchProduct -->
