<?xml version="1.0" encoding="UTF-8"?>
<!-- Generated by org.testng.reporters.JUnitReportReporter -->
<testsuite hostname="LAPTOP-NPEQ6NRP" failures="0" tests="1" name="packageofamazonproject.Amazon_Project_Gtm.Testcase2_LoginWithValidCred" time="20.374" errors="0" timestamp="2025-05-20T12:58:26 IST" skipped="0">
  <testcase classname="packageofamazonproject.Amazon_Project_Gtm.Testcase2_LoginWithValidCred" name="login_validcredentials" time="20.374"/>
</testsuite> <!-- packageofamazonproject.Amazon_Project_Gtm.Testcase2_LoginWithValidCred -->
