<?xml version="1.0" encoding="UTF-8"?>
<!-- Generated by org.testng.reporters.JUnitReportReporter -->
<testsuite hostname="LAPTOP-NPEQ6NRP" failures="0" tests="1" name="packageofamazonproject.Amazon_Project_Gtm.Testcase15_Search_Addtocart_Checkout_Withoutlogin" time="20.005" errors="0" timestamp="2025-05-20T12:58:26 IST" skipped="0">
  <testcase classname="packageofamazonproject.Amazon_Project_Gtm.Testcase15_Search_Addtocart_Checkout_Withoutlogin" name="amazonprocess_withoutlogin" time="20.005"/>
</testsuite> <!-- packageofamazonproject.Amazon_Project_Gtm.Testcase15_Search_Addtocart_Checkout_Withoutlogin -->
