<?xml version="1.0" encoding="UTF-8"?>
<!-- Generated by org.testng.reporters.JUnitReportReporter -->
<testsuite hostname="LAPTOP-NPEQ6NRP" failures="0" tests="1" name="packageofamazonproject.Amazon_Project_Gtm.Testcase9_Login_Search_Addtocart" time="29.472" errors="0" timestamp="2025-05-20T12:58:26 IST" skipped="0">
  <testcase classname="packageofamazonproject.Amazon_Project_Gtm.Testcase9_Login_Search_Addtocart" name="addtocart" time="29.472"/>
</testsuite> <!-- packageofamazonproject.Amazon_Project_Gtm.Testcase9_Login_Search_Addtocart -->
