<?xml version="1.0" encoding="UTF-8"?>
<!-- Generated by org.testng.reporters.JUnitReportReporter -->
<testsuite hostname="LAPTOP-NPEQ6NRP" failures="0" tests="2" name="packageofamazonproject.Amazon_Project_Gtm.Testcase10_Login_Search_Cart_Updateqty" time="59.429" errors="0" timestamp="2025-02-14T19:52:49 IST" skipped="1">
  <testcase classname="packageofamazonproject.Amazon_Project_Gtm.Testcase10_Login_Search_Cart_Updateqty" name="addtocart_updateqty_removeitems" time="46.598">
    <system-out>
      <![CDATA[Testcase is passed]]>
    </system-out>
  </testcase> <!-- addtocart_updateqty_removeitems -->
  <testcase classname="packageofamazonproject.Amazon_Project_Gtm.Testcase10_Login_Search_Cart_Updateqty" name="addtocart_updateqty_removeitems" time="12.831">
    <skipped/>
  </testcase> <!-- addtocart_updateqty_removeitems -->
  <system-out>
    <![CDATA[Testcase is passed
Testcase is passed
Testcase is passed
Testcase is passed
Testcase is passed
Testcase is passed
Testcase is passed
Testcase is passed
Testcase is passed
Testcase is passed
Testcase is passed
Testcase is passed
Testcase is passed
Testcase is passed]]>
  </system-out>
</testsuite> <!-- packageofamazonproject.Amazon_Project_Gtm.Testcase10_Login_Search_Cart_Updateqty -->
